Release 14.7 - xst P.20131013 (nt)
Copyright (c) 1995-2013 Xilinx, Inc.  All rights reserved.
--> Parameter TMPDIR set to xst/projnav.tmp


Total REAL time to Xst completion: 1.00 secs
Total CPU time to Xst completion: 0.39 secs
 
--> Parameter xsthdpdir set to xst


Total REAL time to Xst completion: 1.00 secs
Total CPU time to Xst completion: 0.39 secs
 
--> Reading design: ALU.prj

TABLE OF CONTENTS
  1) Synthesis Options Summary
  2) HDL Compilation
  3) Design Hierarchy Analysis
  4) HDL Analysis
  5) HDL Synthesis
     5.1) HDL Synthesis Report
  6) Advanced HDL Synthesis
     6.1) Advanced HDL Synthesis Report
  7) Low Level Synthesis
  8) Partition Report
  9) Final Report
	9.1) Device utilization summary
	9.2) Partition Resource Summary
	9.3) TIMING REPORT


=========================================================================
*                      Synthesis Options Summary                        *
=========================================================================
---- Source Parameters
Input File Name                    : "ALU.prj"
Input Format                       : mixed
Ignore Synthesis Constraint File   : NO

---- Target Parameters
Output File Name                   : "ALU"
Output Format                      : NGC
Target Device                      : xc3s400-5-pq208

---- Source Options
Top Module Name                    : ALU
Automatic FSM Extraction           : YES
FSM Encoding Algorithm             : Auto
Safe Implementation                : No
FSM Style                          : LUT
RAM Extraction                     : Yes
RAM Style                          : Auto
ROM Extraction                     : Yes
Mux Style                          : Auto
Decoder Extraction                 : YES
Priority Encoder Extraction        : Yes
Shift Register Extraction          : YES
Logical Shifter Extraction         : YES
XOR Collapsing                     : YES
ROM Style                          : Auto
Mux Extraction                     : Yes
Resource Sharing                   : YES
Asynchronous To Synchronous        : NO
Multiplier Style                   : Auto
Automatic Register Balancing       : No

---- Target Options
Add IO Buffers                     : YES
Global Maximum Fanout              : 100000
Add Generic Clock Buffer(BUFG)     : 8
Register Duplication               : YES
Slice Packing                      : YES
Optimize Instantiated Primitives   : NO
Use Clock Enable                   : Yes
Use Synchronous Set                : Yes
Use Synchronous Reset              : Yes
Pack IO Registers into IOBs        : Auto
Equivalent register Removal        : YES

---- General Options
Optimization Goal                  : Speed
Optimization Effort                : 1
Keep Hierarchy                     : No
Netlist Hierarchy                  : As_Optimized
RTL Output                         : Yes
Global Optimization                : AllClockNets
Read Cores                         : YES
Write Timing Constraints           : NO
Cross Clock Analysis               : NO
Hierarchy Separator                : /
Bus Delimiter                      : <>
Case Specifier                     : Maintain
Slice Utilization Ratio            : 100
BRAM Utilization Ratio             : 100
Verilog 2001                       : YES
Auto BRAM Packing                  : NO
Slice Utilization Ratio Delta      : 5

=========================================================================


=========================================================================
*                          HDL Compilation                              *
=========================================================================
Compiling verilog file "FA2.v" in library work
Compiling verilog file "Comp2.v" in library work
Module <FA2> compiled
Compiling verilog file "FA8.v" in library work
Module <Comp2> compiled
Compiling verilog file "Comp8.v" in library work
Module <FA8> compiled
Compiling verilog file "ALU.v" in library work
Module <Comp8> compiled
Module <ALU> compiled
No errors in compilation
Analysis of file <"ALU.prj"> succeeded.
 

=========================================================================
*                     Design Hierarchy Analysis                         *
=========================================================================
Analyzing hierarchy for module <ALU> in library <work>.

Analyzing hierarchy for module <FA8> in library <work>.

Analyzing hierarchy for module <Comp8> in library <work>.

Analyzing hierarchy for module <FA2> in library <work>.

Analyzing hierarchy for module <Comp2> in library <work>.


=========================================================================
*                            HDL Analysis                               *
=========================================================================
Analyzing top module <ALU>.
WARNING:Xst:863 - "ALU.v" line 29: Name conflict (<g> and <G>, renaming g as g_rnm0).
WARNING:Xst:863 - "ALU.v" line 27: Name conflict (<l> and <L>, renaming l as l_rnm0).
Module <ALU> is correct for synthesis.
 
Analyzing module <FA8> in library <work>.
Module <FA8> is correct for synthesis.
 
Analyzing module <FA2> in library <work>.
Module <FA2> is correct for synthesis.
 
Analyzing module <Comp8> in library <work>.
Module <Comp8> is correct for synthesis.
 
Analyzing module <Comp2> in library <work>.
Module <Comp2> is correct for synthesis.
 

=========================================================================
*                           HDL Synthesis                               *
=========================================================================

Performing bidirectional port resolution...

Synthesizing Unit <FA2>.
    Related source file is "FA2.v".
    Found 1-bit xor3 for signal <Sum>.
    Summary:
	inferred   1 Xor(s).
Unit <FA2> synthesized.


Synthesizing Unit <Comp2>.
    Related source file is "Comp2.v".
WARNING:Xst:647 - Input <eqq> is never used. This port will be preserved and left unconnected if it belongs to a top-level block or it belongs to a sub-block and the hierarchy of this sub-block is preserved.
WARNING:Xst:653 - Signal <e> is used but never assigned. This sourceless signal will be automatically connected to value 0.
    Found 1-bit xor2 for signal <e1$xor0000>.
Unit <Comp2> synthesized.


Synthesizing Unit <FA8>.
    Related source file is "FA8.v".
    Found 1-bit xor2 for signal <e0>.
    Found 1-bit xor2 for signal <e1>.
    Found 1-bit xor2 for signal <e2>.
    Found 1-bit xor2 for signal <e3>.
    Found 1-bit xor2 for signal <e4>.
    Found 1-bit xor2 for signal <e5>.
    Found 1-bit xor2 for signal <e6>.
    Found 1-bit xor2 for signal <e7>.
Unit <FA8> synthesized.


Synthesizing Unit <Comp8>.
    Related source file is "Comp8.v".
WARNING:Xst:646 - Signal <EQ_d> is assigned but never used. This unconnected signal will be trimmed during the optimization process.
Unit <Comp8> synthesized.


Synthesizing Unit <ALU>.
    Related source file is "ALU.v".
WARNING:Xst:646 - Signal <cout2> is assigned but never used. This unconnected signal will be trimmed during the optimization process.
WARNING:Xst:646 - Signal <cout1> is assigned but never used. This unconnected signal will be trimmed during the optimization process.
    Found 1-bit register for signal <EQ>.
    Found 1-bit register for signal <G>.
    Found 1-bit register for signal <L>.
    Found 8-bit register for signal <out_speed>.
    Found 8-bit 4-to-1 multiplexer for signal <out_speed$mux0000>.
    Summary:
	inferred  11 D-type flip-flop(s).
	inferred   8 Multiplexer(s).
Unit <ALU> synthesized.


=========================================================================
HDL Synthesis Report

Macro Statistics
# Registers                                            : 4
 1-bit register                                        : 3
 8-bit register                                        : 1
# Multiplexers                                         : 1
 8-bit 4-to-1 multiplexer                              : 1
# Xors                                                 : 40
 1-bit xor2                                            : 24
 1-bit xor3                                            : 16

=========================================================================

=========================================================================
*                       Advanced HDL Synthesis                          *
=========================================================================


=========================================================================
Advanced HDL Synthesis Report

Macro Statistics
# Registers                                            : 11
 Flip-Flops                                            : 11
# Multiplexers                                         : 8
 1-bit 4-to-1 multiplexer                              : 8
# Xors                                                 : 40
 1-bit xor2                                            : 24
 1-bit xor3                                            : 16

=========================================================================

=========================================================================
*                         Low Level Synthesis                           *
=========================================================================

Optimizing unit <ALU> ...

Mapping all equations...
Building and optimizing final netlist ...
Found area constraint ratio of 100 (+ 5) on block ALU, actual ratio is 0.

Final Macro Processing ...

=========================================================================
Final Register Report

Macro Statistics
# Registers                                            : 11
 Flip-Flops                                            : 11

=========================================================================

=========================================================================
*                           Partition Report                            *
=========================================================================

Partition Implementation Status
-------------------------------

  No Partitions were found in this design.

-------------------------------

=========================================================================
*                            Final Report                               *
=========================================================================
Final Results
RTL Top Level Output File Name     : ALU.ngr
Top Level Output File Name         : ALU
Output Format                      : NGC
Optimization Goal                  : Speed
Keep Hierarchy                     : No

Design Statistics
# IOs                              : 30

Cell Usage :
# BELS                             : 60
#      GND                         : 1
#      INV                         : 1
#      LUT2                        : 4
#      LUT3                        : 11
#      LUT4                        : 26
#      MUXF5                       : 17
# FlipFlops/Latches                : 11
#      FD                          : 8
#      FDE                         : 3
# Clock Buffers                    : 1
#      BUFGP                       : 1
# IO Buffers                       : 29
#      IBUF                        : 18
#      OBUF                        : 11
=========================================================================

Device utilization summary:
---------------------------

Selected Device : 3s400pq208-5 

 Number of Slices:                       23  out of   3584     0%  
 Number of Slice Flip Flops:              8  out of   7168     0%  
 Number of 4 input LUTs:                 42  out of   7168     0%  
 Number of IOs:                          30
 Number of bonded IOBs:                  30  out of    141    21%  
    IOB Flip Flops:                       3
 Number of GCLKs:                         1  out of      8    12%  

---------------------------
Partition Resource Summary:
---------------------------

  No Partitions were found in this design.

---------------------------


=========================================================================
TIMING REPORT

NOTE: THESE TIMING NUMBERS ARE ONLY A SYNTHESIS ESTIMATE.
      FOR ACCURATE TIMING INFORMATION PLEASE REFER TO THE TRACE REPORT
      GENERATED AFTER PLACE-and-ROUTE.

Clock Information:
------------------
-----------------------------------+------------------------+-------+
Clock Signal                       | Clock buffer(FF name)  | Load  |
-----------------------------------+------------------------+-------+
clock                              | BUFGP                  | 11    |
-----------------------------------+------------------------+-------+

Asynchronous Control Signals Information:
----------------------------------------
No asynchronous control signals found in this design

Timing Summary:
---------------
Speed Grade: -5

   Minimum period: 2.399ns (Maximum Frequency: 416.762MHz)
   Minimum input arrival time before clock: 7.079ns
   Maximum output required time after clock: 6.280ns
   Maximum combinational path delay: No path found

Timing Detail:
--------------
All values displayed in nanoseconds (ns)

=========================================================================
Timing constraint: Default period analysis for Clock 'clock'
  Clock period: 2.399ns (frequency: 416.762MHz)
  Total number of paths / destination ports: 8 / 8
-------------------------------------------------------------------------
Delay:               2.399ns (Levels of Logic = 2)
  Source:            out_speed_0 (FF)
  Destination:       out_speed_0 (FF)
  Source Clock:      clock rising
  Destination Clock: clock rising

  Data Path: out_speed_0 to out_speed_0
                                Gate     Net
    Cell:in->out      fanout   Delay   Delay  Logical Name (Net Name)
    ----------------------------------------  ------------
     FD:C->Q               2   0.626   0.804  out_speed_0 (out_speed_0)
     LUT3:I2->O            1   0.479   0.000  mux_4 (mux_4)
     MUXF5:I0->O           1   0.314   0.000  mux_2_f5 (out_speed_mux0000<0>)
     FD:D                      0.176          out_speed_0
    ----------------------------------------
    Total                      2.399ns (1.595ns logic, 0.804ns route)
                                       (66.5% logic, 33.5% route)

=========================================================================
Timing constraint: Default OFFSET IN BEFORE for Clock 'clock'
  Total number of paths / destination ports: 165 / 14
-------------------------------------------------------------------------
Offset:              7.079ns (Levels of Logic = 6)
  Source:            d_speed<3> (PAD)
  Destination:       out_speed_7 (FF)
  Destination Clock: clock rising

  Data Path: d_speed<3> to out_speed_7
                                Gate     Net
    Cell:in->out      fanout   Delay   Delay  Logical Name (Net Name)
    ----------------------------------------  ------------
     IBUF:I->O             9   0.715   1.250  d_speed_3_IBUF (d_speed_3_IBUF)
     LUT4:I0->O            3   0.479   0.941  fa1/f4/e41 (fa1/c4)
     LUT3:I1->O            2   0.479   0.915  fa1/f6/e41 (fa1/c6)
     LUT4:I1->O            1   0.479   0.851  mux7_3_SW0 (N4)
     LUT2:I1->O            1   0.479   0.000  mux7_3 (mux7_3)
     MUXF5:I1->O           1   0.314   0.000  mux7_2_f5 (out_speed_mux0000<7>)
     FD:D                      0.176          out_speed_7
    ----------------------------------------
    Total                      7.079ns (3.121ns logic, 3.958ns route)
                                       (44.1% logic, 55.9% route)

=========================================================================
Timing constraint: Default OFFSET OUT AFTER for Clock 'clock'
  Total number of paths / destination ports: 11 / 11
-------------------------------------------------------------------------
Offset:              6.280ns (Levels of Logic = 1)
  Source:            out_speed_7 (FF)
  Destination:       out_speed<7> (PAD)
  Source Clock:      clock rising

  Data Path: out_speed_7 to out_speed<7>
                                Gate     Net
    Cell:in->out      fanout   Delay   Delay  Logical Name (Net Name)
    ----------------------------------------  ------------
     FD:C->Q               2   0.626   0.745  out_speed_7 (out_speed_7)
     OBUF:I->O                 4.909          out_speed_7_OBUF (out_speed<7>)
    ----------------------------------------
    Total                      6.280ns (5.535ns logic, 0.745ns route)
                                       (88.1% logic, 11.9% route)

=========================================================================


Total REAL time to Xst completion: 5.00 secs
Total CPU time to Xst completion: 5.08 secs
 
--> 

Total memory usage is 225464 kilobytes

Number of errors   :    0 (   0 filtered)
Number of warnings :    7 (   0 filtered)
Number of infos    :    0 (   0 filtered)

